<?xml version="1.0" encoding="UTF-8"?>
<!-- Generated by org.testng.reporters.JUnitReportReporter -->
<testsuite skipped="0" hostname="Pushkars-MacBook-Air.local" name="com.profile.controller.ProfileControllerTest" tests="6" failures="0" timestamp="18 Mar 2020 17:21:42 GMT" time="35.339" errors="0">
  <testcase name="testDeleteAllFavourite" time="6.016" classname="com.profile.controller.ProfileControllerTest"/>
  <testcase name="testUpdateFavourite" time="5.729" classname="com.profile.controller.ProfileControllerTest"/>
  <testcase name="testDeleteFavourite" time="5.213" classname="com.profile.controller.ProfileControllerTest"/>
  <testcase name="testGetById" time="5.882" classname="com.profile.controller.ProfileControllerTest"/>
  <testcase name="testCreateFavourite" time="6.178" classname="com.profile.controller.ProfileControllerTest"/>
  <testcase name="testGetAll" time="6.321" classname="com.profile.controller.ProfileControllerTest"/>
</testsuite> <!-- com.profile.controller.ProfileControllerTest -->
