<?xml version="1.0" encoding="UTF-8"?>
<!-- Generated by org.testng.reporters.JUnitReportReporter -->
<testsuite skipped="0" hostname="Pushkars-MacBook-Air.local" name="com.profile.controller.ProfileControllerTest" tests="6" failures="0" timestamp="24 Mar 2020 08:39:43 GMT" time="29.675" errors="0">
  <testcase name="testGetById" time="4.935" classname="com.profile.controller.ProfileControllerTest"/>
  <testcase name="testDeleteAllFavourite" time="5.050" classname="com.profile.controller.ProfileControllerTest"/>
  <testcase name="testDeleteFavourite" time="4.471" classname="com.profile.controller.ProfileControllerTest"/>
  <testcase name="testUpdateFavourite" time="4.776" classname="com.profile.controller.ProfileControllerTest"/>
  <testcase name="testCreateFavourite" time="5.173" classname="com.profile.controller.ProfileControllerTest"/>
  <testcase name="testGetAll" time="5.270" classname="com.profile.controller.ProfileControllerTest"/>
</testsuite> <!-- com.profile.controller.ProfileControllerTest -->
