<?xml version="1.0" encoding="UTF-8"?>
<!-- Generated by org.testng.reporters.JUnitReportReporter -->
<testsuite skipped="0" hostname="Pushkars-MacBook-Air.local" name="com.favourite.controller.FavouriteControllerTest" tests="6" failures="0" timestamp="24 Mar 2020 08:38:47 GMT" time="30.293" errors="0">
  <testcase name="testCreateFavourite" time="5.269" classname="com.favourite.controller.FavouriteControllerTest"/>
  <testcase name="testDeleteFavourite" time="4.549" classname="com.favourite.controller.FavouriteControllerTest"/>
  <testcase name="testGetAll" time="5.371" classname="com.favourite.controller.FavouriteControllerTest"/>
  <testcase name="testUpdateFavourite" time="4.901" classname="com.favourite.controller.FavouriteControllerTest"/>
  <testcase name="testDeleteAllFavourite" time="5.147" classname="com.favourite.controller.FavouriteControllerTest"/>
  <testcase name="testGetById" time="5.056" classname="com.favourite.controller.FavouriteControllerTest"/>
</testsuite> <!-- com.favourite.controller.FavouriteControllerTest -->
