<?xml version="1.0" encoding="UTF-8"?>
<!-- Generated by org.testng.reporters.JUnitReportReporter -->
<testsuite skipped="0" hostname="Pushkars-MacBook-Air.local" name="com.comment.controller.CommentControllerTest" tests="6" failures="0" timestamp="25 Mar 2020 05:55:53 GMT" time="31.437" errors="0">
  <testcase name="testCreateFavourite" time="5.502" classname="com.comment.controller.CommentControllerTest"/>
  <testcase name="testGetById" time="5.284" classname="com.comment.controller.CommentControllerTest"/>
  <testcase name="testDeleteFavourite" time="4.505" classname="com.comment.controller.CommentControllerTest"/>
  <testcase name="testUpdateFavourite" time="5.115" classname="com.comment.controller.CommentControllerTest"/>
  <testcase name="testDeleteAllFavourite" time="5.394" classname="com.comment.controller.CommentControllerTest"/>
  <testcase name="testGetAll" time="5.637" classname="com.comment.controller.CommentControllerTest"/>
</testsuite> <!-- com.comment.controller.CommentControllerTest -->
